[2024-05-06T13:23:27.816+0000] {processor.py:161} INFO - Started process (PID=88) to work on /opt/airflow/dags/welcome_dag.py
[2024-05-06T13:23:27.818+0000] {processor.py:830} INFO - Processing file /opt/airflow/dags/welcome_dag.py for tasks to queue
[2024-05-06T13:23:27.823+0000] {logging_mixin.py:188} INFO - [2024-05-06T13:23:27.822+0000] {dagbag.py:545} INFO - Filling up the DagBag from /opt/airflow/dags/welcome_dag.py
[2024-05-06T13:23:27.881+0000] {processor.py:840} INFO - DAG(s) 'welcome_dag' retrieved from /opt/airflow/dags/welcome_dag.py
[2024-05-06T13:23:28.076+0000] {logging_mixin.py:188} INFO - [2024-05-06T13:23:28.075+0000] {override.py:1829} INFO - Created Permission View: can delete on DAG:welcome_dag
[2024-05-06T13:23:28.122+0000] {logging_mixin.py:188} INFO - [2024-05-06T13:23:28.122+0000] {override.py:1829} INFO - Created Permission View: can edit on DAG:welcome_dag
[2024-05-06T13:23:28.165+0000] {logging_mixin.py:188} INFO - [2024-05-06T13:23:28.164+0000] {override.py:1829} INFO - Created Permission View: can read on DAG:welcome_dag
[2024-05-06T13:23:28.167+0000] {logging_mixin.py:188} INFO - [2024-05-06T13:23:28.166+0000] {dag.py:3096} INFO - Sync 1 DAGs
[2024-05-06T13:23:28.189+0000] {logging_mixin.py:188} INFO - [2024-05-06T13:23:28.189+0000] {dag.py:3118} INFO - Creating ORM DAG for welcome_dag
[2024-05-06T13:23:28.207+0000] {logging_mixin.py:188} INFO - [2024-05-06T13:23:28.206+0000] {dag.py:3954} INFO - Setting next_dagrun for welcome_dag to 2024-05-05 23:00:00+00:00, run_after=2024-05-06 23:00:00+00:00
[2024-05-06T13:23:28.291+0000] {processor.py:183} INFO - Processing /opt/airflow/dags/welcome_dag.py took 0.482 seconds
[2024-05-06T13:23:58.602+0000] {processor.py:161} INFO - Started process (PID=89) to work on /opt/airflow/dags/welcome_dag.py
[2024-05-06T13:23:58.603+0000] {processor.py:830} INFO - Processing file /opt/airflow/dags/welcome_dag.py for tasks to queue
[2024-05-06T13:23:58.607+0000] {logging_mixin.py:188} INFO - [2024-05-06T13:23:58.606+0000] {dagbag.py:545} INFO - Filling up the DagBag from /opt/airflow/dags/welcome_dag.py
[2024-05-06T13:23:58.638+0000] {processor.py:840} INFO - DAG(s) 'welcome_dag' retrieved from /opt/airflow/dags/welcome_dag.py
[2024-05-06T13:23:58.669+0000] {logging_mixin.py:188} INFO - [2024-05-06T13:23:58.669+0000] {dag.py:3096} INFO - Sync 1 DAGs
[2024-05-06T13:23:58.699+0000] {logging_mixin.py:188} INFO - [2024-05-06T13:23:58.698+0000] {dag.py:3954} INFO - Setting next_dagrun for welcome_dag to 2024-05-05 23:00:00+00:00, run_after=2024-05-06 23:00:00+00:00
[2024-05-06T13:23:58.797+0000] {processor.py:183} INFO - Processing /opt/airflow/dags/welcome_dag.py took 0.202 seconds
[2024-05-06T13:24:29.601+0000] {processor.py:161} INFO - Started process (PID=90) to work on /opt/airflow/dags/welcome_dag.py
[2024-05-06T13:24:29.603+0000] {processor.py:830} INFO - Processing file /opt/airflow/dags/welcome_dag.py for tasks to queue
[2024-05-06T13:24:29.607+0000] {logging_mixin.py:188} INFO - [2024-05-06T13:24:29.606+0000] {dagbag.py:545} INFO - Filling up the DagBag from /opt/airflow/dags/welcome_dag.py
[2024-05-06T13:24:29.646+0000] {processor.py:840} INFO - DAG(s) 'welcome_dag' retrieved from /opt/airflow/dags/welcome_dag.py
[2024-05-06T13:24:29.707+0000] {logging_mixin.py:188} INFO - [2024-05-06T13:24:29.707+0000] {dag.py:3096} INFO - Sync 1 DAGs
[2024-05-06T13:24:29.746+0000] {logging_mixin.py:188} INFO - [2024-05-06T13:24:29.745+0000] {dag.py:3954} INFO - Setting next_dagrun for welcome_dag to 2024-05-05 23:00:00+00:00, run_after=2024-05-06 23:00:00+00:00
[2024-05-06T13:24:29.814+0000] {processor.py:183} INFO - Processing /opt/airflow/dags/welcome_dag.py took 0.222 seconds
[2024-05-06T13:25:00.388+0000] {processor.py:161} INFO - Started process (PID=91) to work on /opt/airflow/dags/welcome_dag.py
[2024-05-06T13:25:00.389+0000] {processor.py:830} INFO - Processing file /opt/airflow/dags/welcome_dag.py for tasks to queue
[2024-05-06T13:25:00.391+0000] {logging_mixin.py:188} INFO - [2024-05-06T13:25:00.391+0000] {dagbag.py:545} INFO - Filling up the DagBag from /opt/airflow/dags/welcome_dag.py
[2024-05-06T13:25:00.423+0000] {processor.py:840} INFO - DAG(s) 'welcome_dag' retrieved from /opt/airflow/dags/welcome_dag.py
[2024-05-06T13:25:00.461+0000] {logging_mixin.py:188} INFO - [2024-05-06T13:25:00.460+0000] {dag.py:3096} INFO - Sync 1 DAGs
[2024-05-06T13:25:00.494+0000] {logging_mixin.py:188} INFO - [2024-05-06T13:25:00.494+0000] {dag.py:3954} INFO - Setting next_dagrun for welcome_dag to 2024-05-05 23:00:00+00:00, run_after=2024-05-06 23:00:00+00:00
[2024-05-06T13:25:00.573+0000] {processor.py:183} INFO - Processing /opt/airflow/dags/welcome_dag.py took 0.192 seconds
[2024-05-06T13:25:30.807+0000] {processor.py:161} INFO - Started process (PID=92) to work on /opt/airflow/dags/welcome_dag.py
[2024-05-06T13:25:30.809+0000] {processor.py:830} INFO - Processing file /opt/airflow/dags/welcome_dag.py for tasks to queue
[2024-05-06T13:25:30.812+0000] {logging_mixin.py:188} INFO - [2024-05-06T13:25:30.812+0000] {dagbag.py:545} INFO - Filling up the DagBag from /opt/airflow/dags/welcome_dag.py
[2024-05-06T13:25:30.844+0000] {processor.py:840} INFO - DAG(s) 'welcome_dag' retrieved from /opt/airflow/dags/welcome_dag.py
[2024-05-06T13:25:30.877+0000] {logging_mixin.py:188} INFO - [2024-05-06T13:25:30.877+0000] {dag.py:3096} INFO - Sync 1 DAGs
[2024-05-06T13:25:30.909+0000] {logging_mixin.py:188} INFO - [2024-05-06T13:25:30.908+0000] {dag.py:3954} INFO - Setting next_dagrun for welcome_dag to 2024-05-05 23:00:00+00:00, run_after=2024-05-06 23:00:00+00:00
[2024-05-06T13:25:31.004+0000] {processor.py:183} INFO - Processing /opt/airflow/dags/welcome_dag.py took 0.200 seconds
[2024-05-06T13:26:02.107+0000] {processor.py:161} INFO - Started process (PID=93) to work on /opt/airflow/dags/welcome_dag.py
[2024-05-06T13:26:02.109+0000] {processor.py:830} INFO - Processing file /opt/airflow/dags/welcome_dag.py for tasks to queue
[2024-05-06T13:26:02.110+0000] {logging_mixin.py:188} INFO - [2024-05-06T13:26:02.110+0000] {dagbag.py:545} INFO - Filling up the DagBag from /opt/airflow/dags/welcome_dag.py
[2024-05-06T13:26:02.137+0000] {processor.py:840} INFO - DAG(s) 'welcome_dag' retrieved from /opt/airflow/dags/welcome_dag.py
[2024-05-06T13:26:02.168+0000] {logging_mixin.py:188} INFO - [2024-05-06T13:26:02.168+0000] {dag.py:3096} INFO - Sync 1 DAGs
[2024-05-06T13:26:02.198+0000] {logging_mixin.py:188} INFO - [2024-05-06T13:26:02.198+0000] {dag.py:3954} INFO - Setting next_dagrun for welcome_dag to 2024-05-05 23:00:00+00:00, run_after=2024-05-06 23:00:00+00:00
[2024-05-06T13:26:02.265+0000] {processor.py:183} INFO - Processing /opt/airflow/dags/welcome_dag.py took 0.162 seconds
[2024-05-06T13:26:33.213+0000] {processor.py:161} INFO - Started process (PID=94) to work on /opt/airflow/dags/welcome_dag.py
[2024-05-06T13:26:33.215+0000] {processor.py:830} INFO - Processing file /opt/airflow/dags/welcome_dag.py for tasks to queue
[2024-05-06T13:26:33.218+0000] {logging_mixin.py:188} INFO - [2024-05-06T13:26:33.217+0000] {dagbag.py:545} INFO - Filling up the DagBag from /opt/airflow/dags/welcome_dag.py
[2024-05-06T13:26:33.263+0000] {processor.py:840} INFO - DAG(s) 'welcome_dag' retrieved from /opt/airflow/dags/welcome_dag.py
[2024-05-06T13:26:33.310+0000] {logging_mixin.py:188} INFO - [2024-05-06T13:26:33.310+0000] {dag.py:3096} INFO - Sync 1 DAGs
[2024-05-06T13:26:33.360+0000] {logging_mixin.py:188} INFO - [2024-05-06T13:26:33.360+0000] {dag.py:3954} INFO - Setting next_dagrun for welcome_dag to 2024-05-05 23:00:00+00:00, run_after=2024-05-06 23:00:00+00:00
[2024-05-06T13:26:33.497+0000] {processor.py:183} INFO - Processing /opt/airflow/dags/welcome_dag.py took 0.291 seconds
[2024-05-06T13:27:03.879+0000] {processor.py:161} INFO - Started process (PID=95) to work on /opt/airflow/dags/welcome_dag.py
[2024-05-06T13:27:03.880+0000] {processor.py:830} INFO - Processing file /opt/airflow/dags/welcome_dag.py for tasks to queue
[2024-05-06T13:27:03.883+0000] {logging_mixin.py:188} INFO - [2024-05-06T13:27:03.882+0000] {dagbag.py:545} INFO - Filling up the DagBag from /opt/airflow/dags/welcome_dag.py
[2024-05-06T13:27:03.915+0000] {processor.py:840} INFO - DAG(s) 'welcome_dag' retrieved from /opt/airflow/dags/welcome_dag.py
[2024-05-06T13:27:03.951+0000] {logging_mixin.py:188} INFO - [2024-05-06T13:27:03.951+0000] {dag.py:3096} INFO - Sync 1 DAGs
[2024-05-06T13:27:03.980+0000] {logging_mixin.py:188} INFO - [2024-05-06T13:27:03.980+0000] {dag.py:3954} INFO - Setting next_dagrun for welcome_dag to 2024-05-05 23:00:00+00:00, run_after=2024-05-06 23:00:00+00:00
[2024-05-06T13:27:04.059+0000] {processor.py:183} INFO - Processing /opt/airflow/dags/welcome_dag.py took 0.185 seconds
[2024-05-06T13:27:34.323+0000] {processor.py:161} INFO - Started process (PID=96) to work on /opt/airflow/dags/welcome_dag.py
[2024-05-06T13:27:34.324+0000] {processor.py:830} INFO - Processing file /opt/airflow/dags/welcome_dag.py for tasks to queue
[2024-05-06T13:27:34.326+0000] {logging_mixin.py:188} INFO - [2024-05-06T13:27:34.326+0000] {dagbag.py:545} INFO - Filling up the DagBag from /opt/airflow/dags/welcome_dag.py
[2024-05-06T13:27:34.354+0000] {processor.py:840} INFO - DAG(s) 'welcome_dag' retrieved from /opt/airflow/dags/welcome_dag.py
[2024-05-06T13:27:34.388+0000] {logging_mixin.py:188} INFO - [2024-05-06T13:27:34.387+0000] {dag.py:3096} INFO - Sync 1 DAGs
[2024-05-06T13:27:34.417+0000] {logging_mixin.py:188} INFO - [2024-05-06T13:27:34.417+0000] {dag.py:3954} INFO - Setting next_dagrun for welcome_dag to 2024-05-05 23:00:00+00:00, run_after=2024-05-06 23:00:00+00:00
[2024-05-06T13:27:34.489+0000] {processor.py:183} INFO - Processing /opt/airflow/dags/welcome_dag.py took 0.172 seconds
[2024-05-06T13:28:04.561+0000] {processor.py:161} INFO - Started process (PID=97) to work on /opt/airflow/dags/welcome_dag.py
[2024-05-06T13:28:04.562+0000] {processor.py:830} INFO - Processing file /opt/airflow/dags/welcome_dag.py for tasks to queue
[2024-05-06T13:28:04.565+0000] {logging_mixin.py:188} INFO - [2024-05-06T13:28:04.564+0000] {dagbag.py:545} INFO - Filling up the DagBag from /opt/airflow/dags/welcome_dag.py
[2024-05-06T13:28:04.602+0000] {processor.py:840} INFO - DAG(s) 'welcome_dag' retrieved from /opt/airflow/dags/welcome_dag.py
[2024-05-06T13:28:04.633+0000] {logging_mixin.py:188} INFO - [2024-05-06T13:28:04.633+0000] {dag.py:3096} INFO - Sync 1 DAGs
[2024-05-06T13:28:04.663+0000] {logging_mixin.py:188} INFO - [2024-05-06T13:28:04.663+0000] {dag.py:3954} INFO - Setting next_dagrun for welcome_dag to 2024-05-05 23:00:00+00:00, run_after=2024-05-06 23:00:00+00:00
[2024-05-06T13:28:04.738+0000] {processor.py:183} INFO - Processing /opt/airflow/dags/welcome_dag.py took 0.188 seconds
[2024-05-06T13:28:35.057+0000] {processor.py:161} INFO - Started process (PID=98) to work on /opt/airflow/dags/welcome_dag.py
[2024-05-06T13:28:35.058+0000] {processor.py:830} INFO - Processing file /opt/airflow/dags/welcome_dag.py for tasks to queue
[2024-05-06T13:28:35.060+0000] {logging_mixin.py:188} INFO - [2024-05-06T13:28:35.060+0000] {dagbag.py:545} INFO - Filling up the DagBag from /opt/airflow/dags/welcome_dag.py
[2024-05-06T13:28:35.087+0000] {processor.py:840} INFO - DAG(s) 'welcome_dag' retrieved from /opt/airflow/dags/welcome_dag.py
[2024-05-06T13:28:35.119+0000] {logging_mixin.py:188} INFO - [2024-05-06T13:28:35.119+0000] {dag.py:3096} INFO - Sync 1 DAGs
[2024-05-06T13:28:35.147+0000] {logging_mixin.py:188} INFO - [2024-05-06T13:28:35.146+0000] {dag.py:3954} INFO - Setting next_dagrun for welcome_dag to 2024-05-05 23:00:00+00:00, run_after=2024-05-06 23:00:00+00:00
[2024-05-06T13:28:35.221+0000] {processor.py:183} INFO - Processing /opt/airflow/dags/welcome_dag.py took 0.168 seconds
[2024-05-06T13:29:05.495+0000] {processor.py:161} INFO - Started process (PID=99) to work on /opt/airflow/dags/welcome_dag.py
[2024-05-06T13:29:05.496+0000] {processor.py:830} INFO - Processing file /opt/airflow/dags/welcome_dag.py for tasks to queue
[2024-05-06T13:29:05.499+0000] {logging_mixin.py:188} INFO - [2024-05-06T13:29:05.498+0000] {dagbag.py:545} INFO - Filling up the DagBag from /opt/airflow/dags/welcome_dag.py
[2024-05-06T13:29:05.532+0000] {processor.py:840} INFO - DAG(s) 'welcome_dag' retrieved from /opt/airflow/dags/welcome_dag.py
[2024-05-06T13:29:05.562+0000] {logging_mixin.py:188} INFO - [2024-05-06T13:29:05.562+0000] {dag.py:3096} INFO - Sync 1 DAGs
[2024-05-06T13:29:05.596+0000] {logging_mixin.py:188} INFO - [2024-05-06T13:29:05.595+0000] {dag.py:3954} INFO - Setting next_dagrun for welcome_dag to 2024-05-05 23:00:00+00:00, run_after=2024-05-06 23:00:00+00:00
[2024-05-06T13:29:05.668+0000] {processor.py:183} INFO - Processing /opt/airflow/dags/welcome_dag.py took 0.177 seconds
[2024-05-06T13:29:35.895+0000] {processor.py:161} INFO - Started process (PID=100) to work on /opt/airflow/dags/welcome_dag.py
[2024-05-06T13:29:35.896+0000] {processor.py:830} INFO - Processing file /opt/airflow/dags/welcome_dag.py for tasks to queue
[2024-05-06T13:29:35.900+0000] {logging_mixin.py:188} INFO - [2024-05-06T13:29:35.899+0000] {dagbag.py:545} INFO - Filling up the DagBag from /opt/airflow/dags/welcome_dag.py
[2024-05-06T13:29:35.928+0000] {processor.py:840} INFO - DAG(s) 'welcome_dag' retrieved from /opt/airflow/dags/welcome_dag.py
[2024-05-06T13:29:35.959+0000] {logging_mixin.py:188} INFO - [2024-05-06T13:29:35.959+0000] {dag.py:3096} INFO - Sync 1 DAGs
[2024-05-06T13:29:35.987+0000] {logging_mixin.py:188} INFO - [2024-05-06T13:29:35.987+0000] {dag.py:3954} INFO - Setting next_dagrun for welcome_dag to 2024-05-05 23:00:00+00:00, run_after=2024-05-06 23:00:00+00:00
[2024-05-06T13:29:36.064+0000] {processor.py:183} INFO - Processing /opt/airflow/dags/welcome_dag.py took 0.176 seconds
[2024-05-06T13:30:06.344+0000] {processor.py:161} INFO - Started process (PID=101) to work on /opt/airflow/dags/welcome_dag.py
[2024-05-06T13:30:06.349+0000] {processor.py:830} INFO - Processing file /opt/airflow/dags/welcome_dag.py for tasks to queue
[2024-05-06T13:30:06.355+0000] {logging_mixin.py:188} INFO - [2024-05-06T13:30:06.354+0000] {dagbag.py:545} INFO - Filling up the DagBag from /opt/airflow/dags/welcome_dag.py
[2024-05-06T13:30:06.411+0000] {processor.py:840} INFO - DAG(s) 'welcome_dag' retrieved from /opt/airflow/dags/welcome_dag.py
[2024-05-06T13:30:06.456+0000] {logging_mixin.py:188} INFO - [2024-05-06T13:30:06.455+0000] {dag.py:3096} INFO - Sync 1 DAGs
[2024-05-06T13:30:06.502+0000] {logging_mixin.py:188} INFO - [2024-05-06T13:30:06.501+0000] {dag.py:3954} INFO - Setting next_dagrun for welcome_dag to 2024-05-05 23:00:00+00:00, run_after=2024-05-06 23:00:00+00:00
[2024-05-06T13:30:06.584+0000] {processor.py:183} INFO - Processing /opt/airflow/dags/welcome_dag.py took 0.253 seconds
[2024-05-06T13:30:37.283+0000] {processor.py:161} INFO - Started process (PID=141) to work on /opt/airflow/dags/welcome_dag.py
[2024-05-06T13:30:37.285+0000] {processor.py:830} INFO - Processing file /opt/airflow/dags/welcome_dag.py for tasks to queue
[2024-05-06T13:30:37.287+0000] {logging_mixin.py:188} INFO - [2024-05-06T13:30:37.286+0000] {dagbag.py:545} INFO - Filling up the DagBag from /opt/airflow/dags/welcome_dag.py
[2024-05-06T13:30:37.322+0000] {processor.py:840} INFO - DAG(s) 'welcome_dag' retrieved from /opt/airflow/dags/welcome_dag.py
[2024-05-06T13:30:37.352+0000] {logging_mixin.py:188} INFO - [2024-05-06T13:30:37.352+0000] {dag.py:3096} INFO - Sync 1 DAGs
[2024-05-06T13:30:37.380+0000] {logging_mixin.py:188} INFO - [2024-05-06T13:30:37.380+0000] {dag.py:3954} INFO - Setting next_dagrun for welcome_dag to 2024-05-05 23:00:00+00:00, run_after=2024-05-06 23:00:00+00:00
[2024-05-06T13:30:37.447+0000] {processor.py:183} INFO - Processing /opt/airflow/dags/welcome_dag.py took 0.169 seconds
[2024-05-06T13:31:07.659+0000] {processor.py:161} INFO - Started process (PID=142) to work on /opt/airflow/dags/welcome_dag.py
[2024-05-06T13:31:07.662+0000] {processor.py:830} INFO - Processing file /opt/airflow/dags/welcome_dag.py for tasks to queue
[2024-05-06T13:31:07.664+0000] {logging_mixin.py:188} INFO - [2024-05-06T13:31:07.663+0000] {dagbag.py:545} INFO - Filling up the DagBag from /opt/airflow/dags/welcome_dag.py
[2024-05-06T13:31:07.693+0000] {processor.py:840} INFO - DAG(s) 'welcome_dag' retrieved from /opt/airflow/dags/welcome_dag.py
[2024-05-06T13:31:07.729+0000] {logging_mixin.py:188} INFO - [2024-05-06T13:31:07.729+0000] {dag.py:3096} INFO - Sync 1 DAGs
[2024-05-06T13:31:07.758+0000] {logging_mixin.py:188} INFO - [2024-05-06T13:31:07.757+0000] {dag.py:3954} INFO - Setting next_dagrun for welcome_dag to 2024-05-05 23:00:00+00:00, run_after=2024-05-06 23:00:00+00:00
[2024-05-06T13:31:07.843+0000] {processor.py:183} INFO - Processing /opt/airflow/dags/welcome_dag.py took 0.194 seconds
[2024-05-06T13:31:38.610+0000] {processor.py:161} INFO - Started process (PID=143) to work on /opt/airflow/dags/welcome_dag.py
[2024-05-06T13:31:38.611+0000] {processor.py:830} INFO - Processing file /opt/airflow/dags/welcome_dag.py for tasks to queue
[2024-05-06T13:31:38.614+0000] {logging_mixin.py:188} INFO - [2024-05-06T13:31:38.613+0000] {dagbag.py:545} INFO - Filling up the DagBag from /opt/airflow/dags/welcome_dag.py
[2024-05-06T13:31:38.646+0000] {processor.py:840} INFO - DAG(s) 'welcome_dag' retrieved from /opt/airflow/dags/welcome_dag.py
[2024-05-06T13:31:38.681+0000] {logging_mixin.py:188} INFO - [2024-05-06T13:31:38.681+0000] {dag.py:3096} INFO - Sync 1 DAGs
[2024-05-06T13:31:38.726+0000] {logging_mixin.py:188} INFO - [2024-05-06T13:31:38.725+0000] {dag.py:3954} INFO - Setting next_dagrun for welcome_dag to 2024-05-05 23:00:00+00:00, run_after=2024-05-06 23:00:00+00:00
[2024-05-06T13:31:38.838+0000] {processor.py:183} INFO - Processing /opt/airflow/dags/welcome_dag.py took 0.234 seconds
[2024-05-06T13:32:09.532+0000] {processor.py:161} INFO - Started process (PID=144) to work on /opt/airflow/dags/welcome_dag.py
[2024-05-06T13:32:09.533+0000] {processor.py:830} INFO - Processing file /opt/airflow/dags/welcome_dag.py for tasks to queue
[2024-05-06T13:32:09.535+0000] {logging_mixin.py:188} INFO - [2024-05-06T13:32:09.535+0000] {dagbag.py:545} INFO - Filling up the DagBag from /opt/airflow/dags/welcome_dag.py
[2024-05-06T13:32:09.566+0000] {processor.py:840} INFO - DAG(s) 'welcome_dag' retrieved from /opt/airflow/dags/welcome_dag.py
[2024-05-06T13:32:09.605+0000] {logging_mixin.py:188} INFO - [2024-05-06T13:32:09.605+0000] {dag.py:3096} INFO - Sync 1 DAGs
[2024-05-06T13:32:09.644+0000] {logging_mixin.py:188} INFO - [2024-05-06T13:32:09.643+0000] {dag.py:3954} INFO - Setting next_dagrun for welcome_dag to 2024-05-05 23:00:00+00:00, run_after=2024-05-06 23:00:00+00:00
[2024-05-06T13:32:09.715+0000] {processor.py:183} INFO - Processing /opt/airflow/dags/welcome_dag.py took 0.188 seconds
[2024-05-06T13:32:40.315+0000] {processor.py:161} INFO - Started process (PID=145) to work on /opt/airflow/dags/welcome_dag.py
[2024-05-06T13:32:40.316+0000] {processor.py:830} INFO - Processing file /opt/airflow/dags/welcome_dag.py for tasks to queue
[2024-05-06T13:32:40.319+0000] {logging_mixin.py:188} INFO - [2024-05-06T13:32:40.318+0000] {dagbag.py:545} INFO - Filling up the DagBag from /opt/airflow/dags/welcome_dag.py
[2024-05-06T13:32:40.348+0000] {processor.py:840} INFO - DAG(s) 'welcome_dag' retrieved from /opt/airflow/dags/welcome_dag.py
[2024-05-06T13:32:40.378+0000] {logging_mixin.py:188} INFO - [2024-05-06T13:32:40.377+0000] {dag.py:3096} INFO - Sync 1 DAGs
[2024-05-06T13:32:40.410+0000] {logging_mixin.py:188} INFO - [2024-05-06T13:32:40.410+0000] {dag.py:3954} INFO - Setting next_dagrun for welcome_dag to 2024-05-05 23:00:00+00:00, run_after=2024-05-06 23:00:00+00:00
[2024-05-06T13:32:40.486+0000] {processor.py:183} INFO - Processing /opt/airflow/dags/welcome_dag.py took 0.176 seconds
