[2024-05-07T13:28:08.323+0000] {local_task_job_runner.py:120} INFO - ::group::Pre task execution logs
[2024-05-07T13:28:08.360+0000] {taskinstance.py:2076} INFO - Dependencies all met for dep_context=non-requeueable deps ti=<TaskInstance: exchange_rate_etl.send_email manual__2024-05-07T13:04:58.489688+00:00 [queued]>
[2024-05-07T13:28:08.376+0000] {taskinstance.py:2076} INFO - Dependencies all met for dep_context=requeueable deps ti=<TaskInstance: exchange_rate_etl.send_email manual__2024-05-07T13:04:58.489688+00:00 [queued]>
[2024-05-07T13:28:08.377+0000] {taskinstance.py:2306} INFO - Starting attempt 1 of 3
[2024-05-07T13:28:08.410+0000] {taskinstance.py:2330} INFO - Executing <Task(EmailOperator): send_email> on 2024-05-07 13:04:58.489688+00:00
[2024-05-07T13:28:08.419+0000] {standard_task_runner.py:90} INFO - Running: ['airflow', 'tasks', 'run', 'exchange_rate_etl', 'send_email', 'manual__2024-05-07T13:04:58.489688+00:00', '--job-id', '28', '--raw', '--subdir', 'DAGS_FOLDER/exchange_rate_pipeline.py', '--cfg-path', '/tmp/tmpow50uw0x']
[2024-05-07T13:28:08.422+0000] {standard_task_runner.py:91} INFO - Job 28: Subtask send_email
[2024-05-07T13:28:08.424+0000] {logging_mixin.py:188} WARNING - /home/airflow/.local/lib/python3.12/site-packages/airflow/task/task_runner/standard_task_runner.py:61 DeprecationWarning: This process (pid=616) is multi-threaded, use of fork() may lead to deadlocks in the child.
[2024-05-07T13:28:08.425+0000] {standard_task_runner.py:63} INFO - Started process 629 to run task
[2024-05-07T13:28:08.508+0000] {task_command.py:426} INFO - Running <TaskInstance: exchange_rate_etl.send_email manual__2024-05-07T13:04:58.489688+00:00 [running]> on host 989dff356211
[2024-05-07T13:28:08.699+0000] {taskinstance.py:2648} INFO - Exporting env vars: AIRFLOW_CTX_DAG_OWNER='airflow' AIRFLOW_CTX_DAG_ID='exchange_rate_etl' AIRFLOW_CTX_TASK_ID='send_email' AIRFLOW_CTX_EXECUTION_DATE='2024-05-07T13:04:58.489688+00:00' AIRFLOW_CTX_TRY_NUMBER='1' AIRFLOW_CTX_DAG_RUN_ID='manual__2024-05-07T13:04:58.489688+00:00'
[2024-05-07T13:28:08.700+0000] {taskinstance.py:430} INFO - ::endgroup::
[2024-05-07T13:28:08.729+0000] {logging_mixin.py:188} WARNING - /home/airflow/.local/lib/python3.12/site-packages/airflow/utils/email.py:154 RemovedInAirflow3Warning: Fetching SMTP credentials from configuration variables will be deprecated in a future release. Please set credentials using a connection instead.
[2024-05-07T13:28:08.730+0000] {configuration.py:1050} WARNING - section/key [smtp/smtp_user] not found in config
[2024-05-07T13:28:08.731+0000] {email.py:271} INFO - Email alerting: attempt 1
[2024-05-07T13:28:08.749+0000] {email.py:282} INFO - Sent an alert email to ['sleekdatasolutions@gmail.com']
[2024-05-07T13:28:08.772+0000] {taskinstance.py:441} INFO - ::group::Post task execution logs
[2024-05-07T13:28:08.792+0000] {taskinstance.py:1206} INFO - Marking task as SUCCESS. dag_id=exchange_rate_etl, task_id=send_email, run_id=manual__2024-05-07T13:04:58.489688+00:00, execution_date=20240507T130458, start_date=20240507T132808, end_date=20240507T132808
[2024-05-07T13:28:08.840+0000] {local_task_job_runner.py:240} INFO - Task exited with return code 0
[2024-05-07T13:28:08.859+0000] {taskinstance.py:3498} INFO - 0 downstream tasks scheduled from follow-on schedule check
[2024-05-07T13:28:08.861+0000] {local_task_job_runner.py:222} INFO - ::endgroup::
