[2024-05-07T06:37:17.936+0000] {local_task_job_runner.py:120} INFO - ::group::Pre task execution logs
[2024-05-07T06:37:17.972+0000] {taskinstance.py:2076} INFO - Dependencies all met for dep_context=non-requeueable deps ti=<TaskInstance: exchange_rate_etl.download_file manual__2024-05-07T06:37:12.350461+00:00 [queued]>
[2024-05-07T06:37:17.989+0000] {taskinstance.py:2076} INFO - Dependencies all met for dep_context=requeueable deps ti=<TaskInstance: exchange_rate_etl.download_file manual__2024-05-07T06:37:12.350461+00:00 [queued]>
[2024-05-07T06:37:17.989+0000] {taskinstance.py:2306} INFO - Starting attempt 1 of 3
[2024-05-07T06:37:18.028+0000] {taskinstance.py:2330} INFO - Executing <Task(BashOperator): download_file> on 2024-05-07 06:37:12.350461+00:00
[2024-05-07T06:37:18.037+0000] {standard_task_runner.py:90} INFO - Running: ['airflow', 'tasks', 'run', 'exchange_rate_etl', 'download_file', 'manual__2024-05-07T06:37:12.350461+00:00', '--job-id', '14', '--raw', '--subdir', 'DAGS_FOLDER/exchange_rate_pipeline.py', '--cfg-path', '/tmp/tmpxb1t9o_y']
[2024-05-07T06:37:18.040+0000] {standard_task_runner.py:91} INFO - Job 14: Subtask download_file
[2024-05-07T06:37:18.042+0000] {logging_mixin.py:188} WARNING - /home/airflow/.local/lib/python3.12/site-packages/airflow/task/task_runner/standard_task_runner.py:61 DeprecationWarning: This process (pid=231) is multi-threaded, use of fork() may lead to deadlocks in the child.
[2024-05-07T06:37:18.043+0000] {standard_task_runner.py:63} INFO - Started process 244 to run task
[2024-05-07T06:37:18.132+0000] {task_command.py:426} INFO - Running <TaskInstance: exchange_rate_etl.download_file manual__2024-05-07T06:37:12.350461+00:00 [running]> on host d8ead42498ba
[2024-05-07T06:37:18.262+0000] {taskinstance.py:2648} INFO - Exporting env vars: AIRFLOW_CTX_DAG_OWNER='airflow' AIRFLOW_CTX_DAG_ID='exchange_rate_etl' AIRFLOW_CTX_TASK_ID='download_file' AIRFLOW_CTX_EXECUTION_DATE='2024-05-07T06:37:12.350461+00:00' AIRFLOW_CTX_TRY_NUMBER='1' AIRFLOW_CTX_DAG_RUN_ID='manual__2024-05-07T06:37:12.350461+00:00'
[2024-05-07T06:37:18.263+0000] {taskinstance.py:430} INFO - ::endgroup::
[2024-05-07T06:37:18.274+0000] {subprocess.py:63} INFO - Tmp dir root location: /tmp
[2024-05-07T06:37:18.275+0000] {subprocess.py:75} INFO - Running command: ['/usr/bin/bash', '-c', 'curl -o xrate.csv https://data-api.ecb.europa.eu/service/data/EXR/M.USD.EUR.SP00.A?format=csvdata']
[2024-05-07T06:37:18.283+0000] {subprocess.py:86} INFO - Output:
[2024-05-07T06:37:18.291+0000] {subprocess.py:93} INFO -   % Total    % Received % Xferd  Average Speed   Time    Time     Time  Current
[2024-05-07T06:37:18.292+0000] {subprocess.py:93} INFO -                                  Dload  Upload   Total   Spent    Left  Speed
[2024-05-07T06:37:21.204+0000] {subprocess.py:93} INFO -   0     0    0     0    0     0      0      0 --:--:-- --:--:-- --:--:--     0  0     0    0     0    0     0      0      0 --:--:-- --:--:-- --:--:--     0  0     0    0     0    0     0      0      0 --:--:--  0:00:02 --:--:--     0  0     0    0     0    0     0      0      0 --:--:--  0:00:02 --:--:--     0100 53823    0 53823    0     0  18474      0 --:--:--  0:00:02 --:--:-- 18470
[2024-05-07T06:37:21.207+0000] {subprocess.py:97} INFO - Command exited with return code 0
[2024-05-07T06:37:21.208+0000] {taskinstance.py:441} INFO - ::group::Post task execution logs
[2024-05-07T06:37:21.255+0000] {taskinstance.py:1206} INFO - Marking task as SUCCESS. dag_id=exchange_rate_etl, task_id=download_file, run_id=manual__2024-05-07T06:37:12.350461+00:00, execution_date=20240507T063712, start_date=20240507T063717, end_date=20240507T063721
[2024-05-07T06:37:21.320+0000] {local_task_job_runner.py:240} INFO - Task exited with return code 0
[2024-05-07T06:37:21.359+0000] {taskinstance.py:3498} INFO - 1 downstream tasks scheduled from follow-on schedule check
[2024-05-07T06:37:21.370+0000] {local_task_job_runner.py:222} INFO - ::endgroup::
