[2024-05-07T07:12:36.903+0000] {local_task_job_runner.py:120} INFO - ::group::Pre task execution logs
[2024-05-07T07:12:36.941+0000] {taskinstance.py:2076} INFO - Dependencies all met for dep_context=non-requeueable deps ti=<TaskInstance: exchange_rate_etl.send_email manual__2024-05-07T06:37:12.350461+00:00 [queued]>
[2024-05-07T07:12:36.958+0000] {taskinstance.py:2076} INFO - Dependencies all met for dep_context=requeueable deps ti=<TaskInstance: exchange_rate_etl.send_email manual__2024-05-07T06:37:12.350461+00:00 [queued]>
[2024-05-07T07:12:36.959+0000] {taskinstance.py:2306} INFO - Starting attempt 4 of 6
[2024-05-07T07:12:36.998+0000] {taskinstance.py:2330} INFO - Executing <Task(EmailOperator): send_email> on 2024-05-07 06:37:12.350461+00:00
[2024-05-07T07:12:37.009+0000] {standard_task_runner.py:90} INFO - Running: ['airflow', 'tasks', 'run', 'exchange_rate_etl', 'send_email', 'manual__2024-05-07T06:37:12.350461+00:00', '--job-id', '20', '--raw', '--subdir', 'DAGS_FOLDER/exchange_rate_pipeline.py', '--cfg-path', '/tmp/tmpbyil8u73']
[2024-05-07T07:12:37.012+0000] {standard_task_runner.py:91} INFO - Job 20: Subtask send_email
[2024-05-07T07:12:37.015+0000] {logging_mixin.py:188} WARNING - /home/airflow/.local/lib/python3.12/site-packages/airflow/task/task_runner/standard_task_runner.py:61 DeprecationWarning: This process (pid=455) is multi-threaded, use of fork() may lead to deadlocks in the child.
[2024-05-07T07:12:37.017+0000] {standard_task_runner.py:63} INFO - Started process 468 to run task
[2024-05-07T07:12:37.109+0000] {task_command.py:426} INFO - Running <TaskInstance: exchange_rate_etl.send_email manual__2024-05-07T06:37:12.350461+00:00 [running]> on host d8ead42498ba
[2024-05-07T07:12:37.249+0000] {taskinstance.py:2648} INFO - Exporting env vars: AIRFLOW_CTX_DAG_OWNER='airflow' AIRFLOW_CTX_DAG_ID='exchange_rate_etl' AIRFLOW_CTX_TASK_ID='send_email' AIRFLOW_CTX_EXECUTION_DATE='2024-05-07T06:37:12.350461+00:00' AIRFLOW_CTX_TRY_NUMBER='4' AIRFLOW_CTX_DAG_RUN_ID='manual__2024-05-07T06:37:12.350461+00:00'
[2024-05-07T07:12:37.251+0000] {taskinstance.py:430} INFO - ::endgroup::
[2024-05-07T07:12:37.288+0000] {logging_mixin.py:188} WARNING - /home/airflow/.local/lib/python3.12/site-packages/airflow/utils/email.py:154 RemovedInAirflow3Warning: Fetching SMTP credentials from configuration variables will be deprecated in a future release. Please set credentials using a connection instead.
[2024-05-07T07:12:37.289+0000] {configuration.py:1050} WARNING - section/key [smtp/smtp_user] not found in config
[2024-05-07T07:12:37.290+0000] {email.py:271} INFO - Email alerting: attempt 1
[2024-05-07T07:12:37.297+0000] {email.py:282} INFO - Sent an alert email to ['azzam.fsq@gmail.com']
[2024-05-07T07:12:37.327+0000] {taskinstance.py:441} INFO - ::group::Post task execution logs
[2024-05-07T07:12:37.344+0000] {taskinstance.py:1206} INFO - Marking task as SUCCESS. dag_id=exchange_rate_etl, task_id=send_email, run_id=manual__2024-05-07T06:37:12.350461+00:00, execution_date=20240507T063712, start_date=20240507T071236, end_date=20240507T071237
[2024-05-07T07:12:37.393+0000] {local_task_job_runner.py:240} INFO - Task exited with return code 0
[2024-05-07T07:12:37.418+0000] {taskinstance.py:3498} INFO - 0 downstream tasks scheduled from follow-on schedule check
[2024-05-07T07:12:37.420+0000] {local_task_job_runner.py:222} INFO - ::endgroup::
