[2024-05-07T06:27:01.864+0000] {local_task_job_runner.py:120} INFO - ::group::Pre task execution logs
[2024-05-07T06:27:01.900+0000] {taskinstance.py:2076} INFO - Dependencies all met for dep_context=non-requeueable deps ti=<TaskInstance: exchange_rate_etl.download_file scheduled__2024-05-05T22:00:00+00:00 [queued]>
[2024-05-07T06:27:01.918+0000] {taskinstance.py:2076} INFO - Dependencies all met for dep_context=requeueable deps ti=<TaskInstance: exchange_rate_etl.download_file scheduled__2024-05-05T22:00:00+00:00 [queued]>
[2024-05-07T06:27:01.919+0000] {taskinstance.py:2306} INFO - Starting attempt 1 of 3
[2024-05-07T06:27:01.954+0000] {taskinstance.py:2330} INFO - Executing <Task(BashOperator): download_file> on 2024-05-05 22:00:00+00:00
[2024-05-07T06:27:01.961+0000] {standard_task_runner.py:90} INFO - Running: ['airflow', 'tasks', 'run', 'exchange_rate_etl', 'download_file', 'scheduled__2024-05-05T22:00:00+00:00', '--job-id', '10', '--raw', '--subdir', 'DAGS_FOLDER/exchange_rate_pipeline.py', '--cfg-path', '/tmp/tmphogvcqi4']
[2024-05-07T06:27:01.964+0000] {standard_task_runner.py:91} INFO - Job 10: Subtask download_file
[2024-05-07T06:27:01.968+0000] {logging_mixin.py:188} WARNING - /home/airflow/.local/lib/python3.12/site-packages/airflow/task/task_runner/standard_task_runner.py:61 DeprecationWarning: This process (pid=134) is multi-threaded, use of fork() may lead to deadlocks in the child.
[2024-05-07T06:27:01.969+0000] {standard_task_runner.py:63} INFO - Started process 147 to run task
[2024-05-07T06:27:02.045+0000] {task_command.py:426} INFO - Running <TaskInstance: exchange_rate_etl.download_file scheduled__2024-05-05T22:00:00+00:00 [running]> on host d8ead42498ba
[2024-05-07T06:27:02.165+0000] {taskinstance.py:2648} INFO - Exporting env vars: AIRFLOW_CTX_DAG_OWNER='airflow' AIRFLOW_CTX_DAG_ID='exchange_rate_etl' AIRFLOW_CTX_TASK_ID='download_file' AIRFLOW_CTX_EXECUTION_DATE='2024-05-05T22:00:00+00:00' AIRFLOW_CTX_TRY_NUMBER='1' AIRFLOW_CTX_DAG_RUN_ID='scheduled__2024-05-05T22:00:00+00:00'
[2024-05-07T06:27:02.166+0000] {taskinstance.py:430} INFO - ::endgroup::
[2024-05-07T06:27:02.195+0000] {subprocess.py:63} INFO - Tmp dir root location: /tmp
[2024-05-07T06:27:02.195+0000] {subprocess.py:75} INFO - Running command: ['/usr/bin/bash', '-c', 'curl -o xrate.csv https://data-api.ecb.europa.eu/service/data/EXR/M.USD.EUR.SP00.A?format=csvdata']
[2024-05-07T06:27:02.206+0000] {subprocess.py:86} INFO - Output:
[2024-05-07T06:27:02.306+0000] {subprocess.py:93} INFO -   % Total    % Received % Xferd  Average Speed   Time    Time     Time  Current
[2024-05-07T06:27:02.307+0000] {subprocess.py:93} INFO -                                  Dload  Upload   Total   Spent    Left  Speed
[2024-05-07T06:27:05.283+0000] {subprocess.py:93} INFO -   0     0    0     0    0     0      0      0 --:--:-- --:--:-- --:--:--     0  0     0    0     0    0     0      0      0 --:--:-- --:--:-- --:--:--     0  0     0    0     0    0     0      0      0 --:--:--  0:00:01 --:--:--     0100 32768    0 32768    0     0  11009      0 --:--:--  0:00:02 --:--:-- 11014100 53823    0 53823    0     0  18067      0 --:--:--  0:00:02 --:--:-- 18073
[2024-05-07T06:27:05.293+0000] {subprocess.py:97} INFO - Command exited with return code 0
[2024-05-07T06:27:05.293+0000] {taskinstance.py:441} INFO - ::group::Post task execution logs
[2024-05-07T06:27:05.337+0000] {taskinstance.py:1206} INFO - Marking task as SUCCESS. dag_id=exchange_rate_etl, task_id=download_file, run_id=scheduled__2024-05-05T22:00:00+00:00, execution_date=20240505T220000, start_date=20240507T062701, end_date=20240507T062705
[2024-05-07T06:27:05.409+0000] {local_task_job_runner.py:240} INFO - Task exited with return code 0
[2024-05-07T06:27:05.451+0000] {taskinstance.py:3498} INFO - 1 downstream tasks scheduled from follow-on schedule check
[2024-05-07T06:27:05.462+0000] {local_task_job_runner.py:222} INFO - ::endgroup::
